<?xml version="1.0" encoding="UTF-8"?>
<!-- Generated by org.testng.reporters.JUnitXMLReporter -->
<testsuite ignored="0" hostname="WIN-4MTJNF8B2GT" failures="0" tests="3" name="Login Tests - Parallel 3 Chrome Windows" time="3.765" errors="0" timestamp="2026-03-17T21:22:53 ICT">
  <testcase classname="com.lab9.bai1.LoginTest" name="testLoginWrongPassword" time="1.793"/>
  <testcase classname="com.lab9.bai1.LoginTest" name="testLoginSuccess" time="1.877"/>
  <testcase classname="com.lab9.bai1.LoginTest" name="testLoginLockedUser" time="1.923"/>
</testsuite> <!-- Login Tests - Parallel 3 Chrome Windows -->
