<?xml version="1.0" encoding="UTF-8"?>
<testng-results ignored="0" total="1" passed="1" failed="0" skipped="0">
  <reporter-output>
  </reporter-output>
  <suite started-at="2026-03-17T20:05:14 GMT+07:00" name="Surefire suite" finished-at="2026-03-17T20:05:15 GMT+07:00" duration-ms="507">
    <groups>
    </groups>
    <test started-at="2026-03-17T20:05:14 GMT+07:00" name="Surefire test" finished-at="2026-03-17T20:05:15 GMT+07:00" duration-ms="507">
      <class name="com.lab9.bai3.CreateExcelForOtherBais">
        <test-method signature="generateExcelForAllFiles()[pri:0, instance:com.lab9.bai3.CreateExcelForOtherBais@568bf312]" started-at="2026-03-17T20:05:15 GMT+07:00" name="generateExcelForAllFiles" finished-at="2026-03-17T20:05:15 GMT+07:00" duration-ms="481" status="PASS">
          <reporter-output>
          </reporter-output>
        </test-method> <!-- generateExcelForAllFiles -->
      </class> <!-- com.lab9.bai3.CreateExcelForOtherBais -->
    </test> <!-- Surefire test -->
  </suite> <!-- Surefire suite -->
</testng-results>
