<?xml version="1.0" encoding="UTF-8"?>
<!-- Generated by org.testng.reporters.JUnitXMLReporter -->
<testsuite ignored="0" hostname="WIN-BO3EVS9SCHT" failures="0" tests="12" name="Run Smoke Group Limit" time="44.363" errors="0" timestamp="2026-03-17T19:40:57 GMT+07:00">
  <testcase classname="com.lab9.bai3.LoginExcelTest" name="[SmokeCases] Test 01 - Login tiêu chuẩn" time="1.338"/>
  <testcase classname="com.lab9.bai3.LoginExcelTest" name="[SmokeCases] Test 02 - Login user hay lỗi" time="1.008"/>
  <testcase classname="com.lab9.bai3.LoginExcelTest" name="[SmokeCases] Test 03 - Login user tải lâu" time="5.982"/>
  <testcase classname="com.lab9.bai3.LoginExcelTest" name="[NegativeCases] N01 - Sai password tiêu chuẩn" time="2.095"/>
  <testcase classname="com.lab9.bai3.LoginExcelTest" name="[NegativeCases] N02 - Tài khoản đã bị block" time="2.328"/>
  <testcase classname="com.lab9.bai3.LoginExcelTest" name="[NegativeCases] N03 - Username bị bỏ trống" time="2.776"/>
  <testcase classname="com.lab9.bai3.LoginExcelTest" name="[NegativeCases] N04 - Password bị bỏ trống" time="0.986"/>
  <testcase classname="com.lab9.bai3.LoginExcelTest" name="[NegativeCases] N05 - Username và mẩu khâu sai hoàn toàn" time="1.639"/>
  <testcase classname="com.lab9.bai3.LoginExcelTest" name="[BoundaryCases] B01 - Username nhập quá số lượng tối đa max-lenght kí tự &gt; 200" time="2.396"/>
  <testcase classname="com.lab9.bai3.LoginExcelTest" name="[BoundaryCases] B02 - Password nhập dài trên 200 length" time="1.769"/>
  <testcase classname="com.lab9.bai3.LoginExcelTest" name="[BoundaryCases] B03 - SQL pattern injection đơn giản vào User" time="2.322"/>
  <testcase classname="com.lab9.bai3.LoginExcelTest" name="[BoundaryCases] B04 - Mã độc XSS nhúng thử qua input fields." time="2.743"/>
</testsuite> <!-- Run Smoke Group Limit -->
