<?xml version="1.0" encoding="UTF-8"?>
<testng-results ignored="0" total="1" passed="1" failed="0" skipped="0">
  <reporter-output>
  </reporter-output>
  <suite started-at="2026-03-17T20:17:05 GMT+07:00" name="Bai5 - Đa Môi Trường Suite" finished-at="2026-03-17T20:17:07 GMT+07:00" duration-ms="1288">
    <groups>
    </groups>
    <test started-at="2026-03-17T20:17:05 GMT+07:00" name="Environment Config Testing" finished-at="2026-03-17T20:17:07 GMT+07:00" duration-ms="1288">
      <class name="com.lab9.bai5.DemoEnvTest">
        <test-method is-config="true" signature="setUp(java.lang.String)[pri:0, instance:com.lab9.bai5.DemoEnvTest@2f112965]" started-at="2026-03-17T20:17:05 GMT+07:00" name="setUp" finished-at="2026-03-17T20:17:06 GMT+07:00" duration-ms="1148" status="PASS">
          <params>
            <param index="0">
              <value>
                <![CDATA[staging]]>
              </value>
            </param>
          </params>
          <reporter-output>
          </reporter-output>
        </test-method> <!-- setUp -->
        <test-method signature="testEnvironmentConfiguration()[pri:0, instance:com.lab9.bai5.DemoEnvTest@2f112965]" started-at="2026-03-17T20:17:06 GMT+07:00" name="testEnvironmentConfiguration" finished-at="2026-03-17T20:17:06 GMT+07:00" duration-ms="6" status="PASS">
          <reporter-output>
          </reporter-output>
        </test-method> <!-- testEnvironmentConfiguration -->
        <test-method is-config="true" signature="tearDown()[pri:0, instance:com.lab9.bai5.DemoEnvTest@2f112965]" started-at="2026-03-17T20:17:06 GMT+07:00" name="tearDown" finished-at="2026-03-17T20:17:07 GMT+07:00" duration-ms="103" status="PASS">
          <reporter-output>
          </reporter-output>
        </test-method> <!-- tearDown -->
      </class> <!-- com.lab9.bai5.DemoEnvTest -->
    </test> <!-- Environment Config Testing -->
  </suite> <!-- Bai5 - Đa Môi Trường Suite -->
</testng-results>
