<?xml version="1.0" encoding="UTF-8"?>
<!-- Generated by org.testng.reporters.JUnitReportReporter -->
<testsuite hostname="WIN-BO3EVS9SCHT" failures="0" tests="4" name="com.lab9.bai2.CartTest" time="16.364" errors="0" timestamp="2026-03-17T19:23:53 GMT+07:00" skipped="0">
  <testcase classname="com.lab9.bai2.CartTest" name="testAddItemByNameAndVerifyInCart" time="1.983"/>
  <testcase classname="com.lab9.bai2.CartTest" name="testCartEmptyReturnsZero" time="10.238"/>
  <testcase classname="com.lab9.bai2.CartTest" name="testRemoveItemFromCart" time="2.157"/>
  <testcase classname="com.lab9.bai2.CartTest" name="testAddFirstItemToCart" time="1.986"/>
</testsuite> <!-- com.lab9.bai2.CartTest -->
