<?xml version="1.0" encoding="UTF-8"?>
<!-- Generated by org.testng.reporters.JUnitReportReporter -->
<testsuite hostname="WIN-BO3EVS9SCHT" failures="0" tests="3" name="com.lab9.bai2.LoginTest" time="7.920" errors="0" timestamp="2026-03-17T19:23:53 GMT+07:00" skipped="0">
  <testcase classname="com.lab9.bai2.LoginTest" name="testLoginLockedUser" time="2.656"/>
  <testcase classname="com.lab9.bai2.LoginTest" name="testLoginSuccess" time="2.599"/>
  <testcase classname="com.lab9.bai2.LoginTest" name="testLoginWrongPassword" time="2.665"/>
</testsuite> <!-- com.lab9.bai2.LoginTest -->
