<?xml version="1.0" encoding="UTF-8"?>
<!-- Generated by org.testng.reporters.JUnitXMLReporter -->
<testsuite ignored="0" hostname="WIN-BO3EVS9SCHT" failures="0" tests="4" name="Cart Tests" time="10.239" errors="0" timestamp="2026-03-17T19:23:53 GMT+07:00">
  <testcase classname="com.lab9.bai2.CartTest" name="testAddFirstItemToCart" time="1.155"/>
  <testcase classname="com.lab9.bai2.CartTest" name="testAddItemByNameAndVerifyInCart" time="1.241"/>
  <testcase classname="com.lab9.bai2.CartTest" name="testRemoveItemFromCart" time="1.338"/>
  <testcase classname="com.lab9.bai2.CartTest" name="testCartEmptyReturnsZero" time="9.416"/>
</testsuite> <!-- Cart Tests -->
