<?xml version="1.0" encoding="UTF-8"?>
<!-- Generated by org.testng.reporters.JUnitXMLReporter -->
<testsuite ignored="0" hostname="WIN-BO3EVS9SCHT" failures="0" tests="3" name="Login Tests" time="2.695" errors="0" timestamp="2026-03-17T19:23:42 GMT+07:00">
  <testcase classname="com.lab9.bai2.LoginTest" name="testLoginSuccess" time="1.24"/>
  <testcase classname="com.lab9.bai2.LoginTest" name="testLoginLockedUser" time="1.278"/>
  <testcase classname="com.lab9.bai2.LoginTest" name="testLoginWrongPassword" time="1.326"/>
</testsuite> <!-- Login Tests -->
