<?xml version="1.0" encoding="UTF-8"?>
<testng-results ignored="0" total="3" passed="3" failed="0" skipped="0">
  <reporter-output>
  </reporter-output>
  <suite started-at="2026-03-17T21:22:49 ICT" name="Bai1 - BasePage BaseTest Suite" finished-at="2026-03-17T21:22:53 ICT" duration-ms="3765">
    <groups>
    </groups>
    <test started-at="2026-03-17T21:22:49 ICT" name="Login Tests - Parallel 3 Chrome Windows" finished-at="2026-03-17T21:22:53 ICT" duration-ms="3765">
      <class name="com.lab9.bai1.LoginTest">
        <test-method is-config="true" signature="setUp(java.lang.String,java.lang.String)[pri:0, instance:com.lab9.bai1.LoginTest@6e20b53a]" started-at="2026-03-17T21:22:49 ICT" name="setUp" finished-at="2026-03-17T21:22:51 ICT" duration-ms="1640" status="PASS">
          <params>
            <param index="0">
              <value>
                <![CDATA[chrome]]>
              </value>
            </param>
            <param index="1">
              <value>
                <![CDATA[dev]]>
              </value>
            </param>
          </params>
          <reporter-output>
          </reporter-output>
        </test-method> <!-- setUp -->
        <test-method is-config="true" signature="setUp(java.lang.String,java.lang.String)[pri:0, instance:com.lab9.bai1.LoginTest@6e20b53a]" started-at="2026-03-17T21:22:49 ICT" name="setUp" finished-at="2026-03-17T21:22:51 ICT" duration-ms="1637" status="PASS">
          <params>
            <param index="0">
              <value>
                <![CDATA[chrome]]>
              </value>
            </param>
            <param index="1">
              <value>
                <![CDATA[dev]]>
              </value>
            </param>
          </params>
          <reporter-output>
          </reporter-output>
        </test-method> <!-- setUp -->
        <test-method is-config="true" signature="setUp(java.lang.String,java.lang.String)[pri:0, instance:com.lab9.bai1.LoginTest@6e20b53a]" started-at="2026-03-17T21:22:49 ICT" name="setUp" finished-at="2026-03-17T21:22:51 ICT" duration-ms="1641" status="PASS">
          <params>
            <param index="0">
              <value>
                <![CDATA[chrome]]>
              </value>
            </param>
            <param index="1">
              <value>
                <![CDATA[dev]]>
              </value>
            </param>
          </params>
          <reporter-output>
          </reporter-output>
        </test-method> <!-- setUp -->
        <test-method signature="testLoginLockedUser()[pri:0, instance:com.lab9.bai1.LoginTest@6e20b53a]" started-at="2026-03-17T21:22:51 ICT" name="testLoginLockedUser" description="TC03 - Đăng nhập với tài khoản bị locked" finished-at="2026-03-17T21:22:53 ICT" duration-ms="1923" status="PASS">
          <reporter-output>
          </reporter-output>
        </test-method> <!-- testLoginLockedUser -->
        <test-method signature="testLoginWrongPassword()[pri:0, instance:com.lab9.bai1.LoginTest@6e20b53a]" started-at="2026-03-17T21:22:51 ICT" name="testLoginWrongPassword" description="TC02 - Đăng nhập thất bại - mật khẩu sai" finished-at="2026-03-17T21:22:53 ICT" duration-ms="1793" status="PASS">
          <reporter-output>
          </reporter-output>
        </test-method> <!-- testLoginWrongPassword -->
        <test-method signature="testLoginSuccess()[pri:0, instance:com.lab9.bai1.LoginTest@6e20b53a]" started-at="2026-03-17T21:22:51 ICT" name="testLoginSuccess" description="TC01 - Đăng nhập thành công" finished-at="2026-03-17T21:22:53 ICT" duration-ms="1877" status="PASS">
          <reporter-output>
          </reporter-output>
        </test-method> <!-- testLoginSuccess -->
        <test-method is-config="true" signature="tearDown(org.testng.ITestResult)[pri:0, instance:com.lab9.bai1.LoginTest@6e20b53a]" started-at="2026-03-17T21:22:53 ICT" name="tearDown" finished-at="2026-03-17T21:22:53 ICT" duration-ms="235" status="PASS">
          <params>
            <param index="0">
              <value>
                <![CDATA[[TestResult name=testLoginWrongPassword status=SUCCESS method=LoginTest.testLoginWrongPassword()[pri:0, instance:com.lab9.bai1.LoginTest@6e20b53a] output={null}]]]>
              </value>
            </param>
          </params>
          <reporter-output>
          </reporter-output>
        </test-method> <!-- tearDown -->
        <test-method is-config="true" signature="tearDown(org.testng.ITestResult)[pri:0, instance:com.lab9.bai1.LoginTest@6e20b53a]" started-at="2026-03-17T21:22:53 ICT" name="tearDown" finished-at="2026-03-17T21:22:53 ICT" duration-ms="184" status="PASS">
          <params>
            <param index="0">
              <value>
                <![CDATA[[TestResult name=testLoginSuccess status=SUCCESS method=LoginTest.testLoginSuccess()[pri:0, instance:com.lab9.bai1.LoginTest@6e20b53a] output={null}]]]>
              </value>
            </param>
          </params>
          <reporter-output>
          </reporter-output>
        </test-method> <!-- tearDown -->
        <test-method is-config="true" signature="tearDown(org.testng.ITestResult)[pri:0, instance:com.lab9.bai1.LoginTest@6e20b53a]" started-at="2026-03-17T21:22:53 ICT" name="tearDown" finished-at="2026-03-17T21:22:53 ICT" duration-ms="169" status="PASS">
          <params>
            <param index="0">
              <value>
                <![CDATA[[TestResult name=testLoginLockedUser status=SUCCESS method=LoginTest.testLoginLockedUser()[pri:0, instance:com.lab9.bai1.LoginTest@6e20b53a] output={null}]]]>
              </value>
            </param>
          </params>
          <reporter-output>
          </reporter-output>
        </test-method> <!-- tearDown -->
      </class> <!-- com.lab9.bai1.LoginTest -->
    </test> <!-- Login Tests - Parallel 3 Chrome Windows -->
  </suite> <!-- Bai1 - BasePage BaseTest Suite -->
</testng-results>
