<?xml version="1.0" encoding="UTF-8"?>
<!-- Generated by org.testng.reporters.JUnitReportReporter -->
<testsuite hostname="WIN-BO3EVS9SCHT" failures="0" tests="2" name="com.lab9.bai4.CheckoutTest" time="4.473" errors="0" timestamp="2026-03-17T19:59:47 GMT+07:00" skipped="0">
  <testcase classname="com.lab9.bai4.CheckoutTest" name="testCheckoutWithRandomData" time="2.289"/>
  <testcase classname="com.lab9.bai4.CheckoutTest" name="testCheckoutWithRandomData" time="2.184"/>
</testsuite> <!-- com.lab9.bai4.CheckoutTest -->
