<?xml version="1.0" encoding="UTF-8"?>
<!-- Generated by org.testng.reporters.JUnitReportReporter -->
<testsuite hostname="WIN-BO3EVS9SCHT" failures="0" tests="5" name="com.lab9.bai4.UserLoginTest" time="9.238" errors="0" timestamp="2026-03-17T19:59:47 GMT+07:00" skipped="0">
  <testcase classname="com.lab9.bai4.UserLoginTest" name="testLoginWithJsonData" time="2.307"/>
  <testcase classname="com.lab9.bai4.UserLoginTest" name="testLoginWithJsonData" time="1.770"/>
  <testcase classname="com.lab9.bai4.UserLoginTest" name="testLoginWithJsonData" time="1.689"/>
  <testcase classname="com.lab9.bai4.UserLoginTest" name="testLoginWithJsonData" time="1.736"/>
  <testcase classname="com.lab9.bai4.UserLoginTest" name="testLoginWithJsonData" time="1.736"/>
</testsuite> <!-- com.lab9.bai4.UserLoginTest -->
