<?xml version="1.0" encoding="UTF-8"?>
<!-- Generated by org.testng.reporters.JUnitReportReporter -->
<testsuite hostname="WIN-4MTJNF8B2GT" failures="0" tests="3" name="com.lab9.bai1.LoginTest" time="11.099" errors="0" timestamp="2026-03-17T21:22:53 ICT" skipped="0">
  <testcase classname="com.lab9.bai1.LoginTest" name="testLoginWrongPassword" time="3.602"/>
  <testcase classname="com.lab9.bai1.LoginTest" name="testLoginLockedUser" time="3.744"/>
  <testcase classname="com.lab9.bai1.LoginTest" name="testLoginSuccess" time="3.753"/>
</testsuite> <!-- com.lab9.bai1.LoginTest -->
