<?xml version="1.0" encoding="UTF-8"?>
<!-- Generated by org.testng.reporters.JUnitReportReporter -->
<testsuite hostname="WIN-BO3EVS9SCHT" failures="0" tests="12" name="com.lab9.bai3.LoginExcelTest" time="43.840" errors="0" timestamp="2026-03-17T19:40:57 GMT+07:00" skipped="0">
  <testcase classname="com.lab9.bai3.LoginExcelTest" name="testDynamicLogin" time="3.152"/>
  <testcase classname="com.lab9.bai3.LoginExcelTest" name="testDynamicLogin" time="4.089"/>
  <testcase classname="com.lab9.bai3.LoginExcelTest" name="testDynamicLogin" time="3.822"/>
  <testcase classname="com.lab9.bai3.LoginExcelTest" name="testDynamicLogin" time="2.977"/>
  <testcase classname="com.lab9.bai3.LoginExcelTest" name="testDynamicLogin" time="2.383"/>
  <testcase classname="com.lab9.bai3.LoginExcelTest" name="testDynamicLogin" time="3.643"/>
  <testcase classname="com.lab9.bai3.LoginExcelTest" name="testDynamicLogin" time="3.644"/>
  <testcase classname="com.lab9.bai3.LoginExcelTest" name="testDynamicLogin" time="2.664"/>
  <testcase classname="com.lab9.bai3.LoginExcelTest" name="testDynamicLogin" time="2.308"/>
  <testcase classname="com.lab9.bai3.LoginExcelTest" name="testDynamicLogin" time="3.746"/>
  <testcase classname="com.lab9.bai3.LoginExcelTest" name="testDynamicLogin" time="7.308"/>
  <testcase classname="com.lab9.bai3.LoginExcelTest" name="testDynamicLogin" time="4.104"/>
</testsuite> <!-- com.lab9.bai3.LoginExcelTest -->
