<?xml version="1.0" encoding="UTF-8"?>
<testng-results retried="2" ignored="2" total="5" passed="1" failed="0" skipped="0">
  <reporter-output>
  </reporter-output>
  <suite started-at="2026-03-17T20:22:53 GMT+07:00" name="Bai6 - Flaky Test Simulation" finished-at="2026-03-17T20:22:53 GMT+07:00" duration-ms="50">
    <groups>
    </groups>
    <test started-at="2026-03-17T20:22:53 GMT+07:00" name="Flaky Verification" finished-at="2026-03-17T20:22:53 GMT+07:00" duration-ms="50">
      <class name="com.lab9.bai6.FlakySimulationTest">
        <test-method is-config="true" signature="setUp()[pri:0, instance:com.lab9.bai6.FlakySimulationTest@14d3bc22]" started-at="2026-03-17T20:22:53 GMT+07:00" name="setUp" finished-at="2026-03-17T20:22:53 GMT+07:00" duration-ms="8" status="PASS">
          <reporter-output>
          </reporter-output>
        </test-method> <!-- setUp -->
        <test-method retried="true" signature="testFlakyScenario()[pri:0, instance:com.lab9.bai6.FlakySimulationTest@14d3bc22]" started-at="2026-03-17T20:22:53 GMT+07:00" name="testFlakyScenario" description="Test mô phỏng flaky - fail 2 lần đầu, pass lần thứ 3" finished-at="2026-03-17T20:22:53 GMT+07:00" duration-ms="4" status="SKIP">
          <exception class="java.lang.AssertionError">
            <message>
              <![CDATA[Mô phỏng lỗi mạng tạm thời – lần 1]]>
            </message>
            <full-stacktrace>
              <![CDATA[java.lang.AssertionError: Mô phỏng lỗi mạng tạm thời – lần 1
at org.testng.Assert.fail(Assert.java:111)
at com.lab9.bai6.FlakySimulationTest.testFlakyScenario(FlakySimulationTest.java:24)
at java.base/jdk.internal.reflect.DirectMethodHandleAccessor.invoke(DirectMethodHandleAccessor.java:104)
at java.base/java.lang.reflect.Method.invoke(Method.java:565)
at org.testng.internal.invokers.MethodInvocationHelper.invokeMethod(MethodInvocationHelper.java:139)
at org.testng.internal.invokers.TestInvoker.invokeMethod(TestInvoker.java:664)
at org.testng.internal.invokers.TestInvoker.invokeTestMethod(TestInvoker.java:228)
at org.testng.internal.invokers.MethodRunner.runInSequence(MethodRunner.java:63)
at org.testng.internal.invokers.TestInvoker$MethodInvocationAgent.invoke(TestInvoker.java:961)
at org.testng.internal.invokers.TestInvoker.invokeTestMethods(TestInvoker.java:201)
at org.testng.internal.invokers.TestMethodWorker.invokeTestMethods(TestMethodWorker.java:148)
at org.testng.internal.invokers.TestMethodWorker.run(TestMethodWorker.java:128)
at java.base/java.util.ArrayList.forEach(ArrayList.java:1604)
at org.testng.TestRunner.privateRun(TestRunner.java:819)
at org.testng.TestRunner.run(TestRunner.java:619)
at org.testng.SuiteRunner.runTest(SuiteRunner.java:443)
at org.testng.SuiteRunner.runSequentially(SuiteRunner.java:437)
at org.testng.SuiteRunner.privateRun(SuiteRunner.java:397)
at org.testng.SuiteRunner.run(SuiteRunner.java:336)
at org.testng.SuiteRunnerWorker.runSuite(SuiteRunnerWorker.java:52)
at org.testng.SuiteRunnerWorker.run(SuiteRunnerWorker.java:95)
at org.testng.TestNG.runSuitesSequentially(TestNG.java:1301)
at org.testng.TestNG.runSuitesLocally(TestNG.java:1228)
at org.testng.TestNG.runSuites(TestNG.java:1134)
at org.testng.TestNG.run(TestNG.java:1101)
at org.apache.maven.surefire.testng.TestNGExecutor.run(TestNGExecutor.java:308)
at org.apache.maven.surefire.testng.TestNGXmlTestSuite.execute(TestNGXmlTestSuite.java:71)
at org.apache.maven.surefire.testng.TestNGProvider.invoke(TestNGProvider.java:113)
at org.apache.maven.surefire.booter.ForkedBooter.runSuitesInProcess(ForkedBooter.java:385)
at org.apache.maven.surefire.booter.ForkedBooter.execute(ForkedBooter.java:162)
at org.apache.maven.surefire.booter.ForkedBooter.run(ForkedBooter.java:507)
at org.apache.maven.surefire.booter.ForkedBooter.main(ForkedBooter.java:495)
]]>
            </full-stacktrace>
          </exception> <!-- java.lang.AssertionError -->
          <reporter-output>
          </reporter-output>
        </test-method> <!-- testFlakyScenario -->
        <test-method is-config="true" signature="tearDown()[pri:0, instance:com.lab9.bai6.FlakySimulationTest@14d3bc22]" started-at="2026-03-17T20:22:53 GMT+07:00" name="tearDown" finished-at="2026-03-17T20:22:53 GMT+07:00" duration-ms="1" status="PASS">
          <reporter-output>
          </reporter-output>
        </test-method> <!-- tearDown -->
        <test-method retried="true" signature="testFlakyScenario()[pri:0, instance:com.lab9.bai6.FlakySimulationTest@14d3bc22]" started-at="2026-03-17T20:22:53 GMT+07:00" name="testFlakyScenario" description="Test mô phỏng flaky - fail 2 lần đầu, pass lần thứ 3" finished-at="2026-03-17T20:22:53 GMT+07:00" duration-ms="1" status="SKIP">
          <exception class="java.lang.AssertionError">
            <message>
              <![CDATA[Mô phỏng lỗi mạng tạm thời – lần 2]]>
            </message>
            <full-stacktrace>
              <![CDATA[java.lang.AssertionError: Mô phỏng lỗi mạng tạm thời – lần 2
at org.testng.Assert.fail(Assert.java:111)
at com.lab9.bai6.FlakySimulationTest.testFlakyScenario(FlakySimulationTest.java:24)
at java.base/jdk.internal.reflect.DirectMethodHandleAccessor.invoke(DirectMethodHandleAccessor.java:104)
at java.base/java.lang.reflect.Method.invoke(Method.java:565)
at org.testng.internal.invokers.MethodInvocationHelper.invokeMethod(MethodInvocationHelper.java:139)
at org.testng.internal.invokers.TestInvoker.invokeMethod(TestInvoker.java:664)
at org.testng.internal.invokers.TestInvoker.retryFailed(TestInvoker.java:249)
at org.testng.internal.invokers.MethodRunner.runInSequence(MethodRunner.java:76)
at org.testng.internal.invokers.TestInvoker$MethodInvocationAgent.invoke(TestInvoker.java:961)
at org.testng.internal.invokers.TestInvoker.invokeTestMethods(TestInvoker.java:201)
at org.testng.internal.invokers.TestMethodWorker.invokeTestMethods(TestMethodWorker.java:148)
at org.testng.internal.invokers.TestMethodWorker.run(TestMethodWorker.java:128)
at java.base/java.util.ArrayList.forEach(ArrayList.java:1604)
at org.testng.TestRunner.privateRun(TestRunner.java:819)
at org.testng.TestRunner.run(TestRunner.java:619)
at org.testng.SuiteRunner.runTest(SuiteRunner.java:443)
at org.testng.SuiteRunner.runSequentially(SuiteRunner.java:437)
at org.testng.SuiteRunner.privateRun(SuiteRunner.java:397)
at org.testng.SuiteRunner.run(SuiteRunner.java:336)
at org.testng.SuiteRunnerWorker.runSuite(SuiteRunnerWorker.java:52)
at org.testng.SuiteRunnerWorker.run(SuiteRunnerWorker.java:95)
at org.testng.TestNG.runSuitesSequentially(TestNG.java:1301)
at org.testng.TestNG.runSuitesLocally(TestNG.java:1228)
at org.testng.TestNG.runSuites(TestNG.java:1134)
at org.testng.TestNG.run(TestNG.java:1101)
at org.apache.maven.surefire.testng.TestNGExecutor.run(TestNGExecutor.java:308)
at org.apache.maven.surefire.testng.TestNGXmlTestSuite.execute(TestNGXmlTestSuite.java:71)
at org.apache.maven.surefire.testng.TestNGProvider.invoke(TestNGProvider.java:113)
at org.apache.maven.surefire.booter.ForkedBooter.runSuitesInProcess(ForkedBooter.java:385)
at org.apache.maven.surefire.booter.ForkedBooter.execute(ForkedBooter.java:162)
at org.apache.maven.surefire.booter.ForkedBooter.run(ForkedBooter.java:507)
at org.apache.maven.surefire.booter.ForkedBooter.main(ForkedBooter.java:495)
]]>
            </full-stacktrace>
          </exception> <!-- java.lang.AssertionError -->
          <reporter-output>
          </reporter-output>
        </test-method> <!-- testFlakyScenario -->
        <test-method is-config="true" signature="setUp()[pri:0, instance:com.lab9.bai6.FlakySimulationTest@14d3bc22]" started-at="2026-03-17T20:22:53 GMT+07:00" name="setUp" finished-at="2026-03-17T20:22:53 GMT+07:00" duration-ms="0" status="PASS">
          <reporter-output>
          </reporter-output>
        </test-method> <!-- setUp -->
        <test-method is-config="true" signature="tearDown()[pri:0, instance:com.lab9.bai6.FlakySimulationTest@14d3bc22]" started-at="2026-03-17T20:22:53 GMT+07:00" name="tearDown" finished-at="2026-03-17T20:22:53 GMT+07:00" duration-ms="0" status="PASS">
          <reporter-output>
          </reporter-output>
        </test-method> <!-- tearDown -->
        <test-method signature="testFlakyScenario()[pri:0, instance:com.lab9.bai6.FlakySimulationTest@14d3bc22]" started-at="2026-03-17T20:22:53 GMT+07:00" name="testFlakyScenario" description="Test mô phỏng flaky - fail 2 lần đầu, pass lần thứ 3" finished-at="2026-03-17T20:22:53 GMT+07:00" duration-ms="2" status="PASS">
          <reporter-output>
          </reporter-output>
        </test-method> <!-- testFlakyScenario -->
        <test-method is-config="true" signature="setUp()[pri:0, instance:com.lab9.bai6.FlakySimulationTest@14d3bc22]" started-at="2026-03-17T20:22:53 GMT+07:00" name="setUp" finished-at="2026-03-17T20:22:53 GMT+07:00" duration-ms="0" status="PASS">
          <reporter-output>
          </reporter-output>
        </test-method> <!-- setUp -->
        <test-method is-config="true" signature="tearDown()[pri:0, instance:com.lab9.bai6.FlakySimulationTest@14d3bc22]" started-at="2026-03-17T20:22:53 GMT+07:00" name="tearDown" finished-at="2026-03-17T20:22:53 GMT+07:00" duration-ms="0" status="PASS">
          <reporter-output>
          </reporter-output>
        </test-method> <!-- tearDown -->
      </class> <!-- com.lab9.bai6.FlakySimulationTest -->
    </test> <!-- Flaky Verification -->
  </suite> <!-- Bai6 - Flaky Test Simulation -->
</testng-results>
