<?xml version="1.0" encoding="UTF-8"?>
<!-- Generated by org.testng.reporters.JUnitXMLReporter -->
<testsuite ignored="0" hostname="WIN-BO3EVS9SCHT" failures="0" tests="2" name="Faker Checkout Tests" time="4.477" errors="0" timestamp="2026-03-17T19:59:47 GMT+07:00">
  <testcase classname="com.lab9.bai4.CheckoutTest" name="testCheckoutWithRandomData" time="1.582"/>
  <testcase classname="com.lab9.bai4.CheckoutTest" name="testCheckoutWithRandomData" time="1.478"/>
</testsuite> <!-- Faker Checkout Tests -->
