<?xml version="1.0" encoding="UTF-8"?>
<!-- Generated by org.testng.reporters.JUnitXMLReporter -->
<testsuite ignored="0" hostname="WIN-BO3EVS9SCHT" failures="0" tests="5" name="JSON Login Tests" time="9.446" errors="0" timestamp="2026-03-17T19:59:43 GMT+07:00">
  <testcase classname="com.lab9.bai4.UserLoginTest" name="testLoginWithJsonData" time="1.08"/>
  <testcase classname="com.lab9.bai4.UserLoginTest" name="testLoginWithJsonData" time="1.006"/>
  <testcase classname="com.lab9.bai4.UserLoginTest" name="testLoginWithJsonData" time="0.981"/>
  <testcase classname="com.lab9.bai4.UserLoginTest" name="testLoginWithJsonData" time="1.012"/>
  <testcase classname="com.lab9.bai4.UserLoginTest" name="testLoginWithJsonData" time="1.015"/>
</testsuite> <!-- JSON Login Tests -->
