<?xml version="1.0" encoding="UTF-8"?>
<!-- Generated by org.testng.reporters.JUnitXMLReporter -->
<testsuite ignored="0" hostname="WIN-BO3EVS9SCHT" failures="0" tests="3" name="Flaky Verification" time="0.05" errors="0" timestamp="2026-03-17T20:22:53 GMT+07:00">
  <testcase classname="com.lab9.bai6.FlakySimulationTest" name="testFlakyScenario" time="0.004">
    <skipped/>
  </testcase> <!-- testFlakyScenario -->
  <testcase classname="com.lab9.bai6.FlakySimulationTest" name="testFlakyScenario" time="0.001">
    <skipped/>
  </testcase> <!-- testFlakyScenario -->
  <testcase classname="com.lab9.bai6.FlakySimulationTest" name="testFlakyScenario" time="0.002"/>
</testsuite> <!-- Flaky Verification -->
