<?xml version="1.0" encoding="UTF-8"?>
<!-- Generated by org.testng.reporters.JUnitReportReporter -->
<testsuite hostname="WIN-BO3EVS9SCHT" failures="0" tests="3" name="com.lab9.bai6.FlakySimulationTest" time="0.016" errors="0" timestamp="2026-03-17T20:22:53 GMT+07:00" skipped="2">
  <testcase classname="com.lab9.bai6.FlakySimulationTest" name="testFlakyScenario" time="0.002"/>
  <testcase classname="com.lab9.bai6.FlakySimulationTest" name="testFlakyScenario" time="0.001">
    <skipped/>
  </testcase> <!-- testFlakyScenario -->
  <testcase classname="com.lab9.bai6.FlakySimulationTest" name="testFlakyScenario" time="0.013">
    <skipped/>
  </testcase> <!-- testFlakyScenario -->
</testsuite> <!-- com.lab9.bai6.FlakySimulationTest -->
